::1 - - [Thu, 26 May 2016 14:50:42 GMT] "GET / HTTP/1.1" 500 1091 "-" "Mozilla/5.0 (X11; Linux x86_64) AppleWebKit/537.36 (KHTML, like Gecko) Ubuntu Chromium/50.0.2661.102 Chrome/50.0.2661.102 Safari/537.36"
::1 - - [Thu, 26 May 2016 14:51:11 GMT] "GET / HTTP/1.1" 500 1091 "-" "Mozilla/5.0 (X11; Linux x86_64) AppleWebKit/537.36 (KHTML, like Gecko) Ubuntu Chromium/50.0.2661.102 Chrome/50.0.2661.102 Safari/537.36"
::1 - - [Thu, 26 May 2016 14:51:12 GMT] "GET / HTTP/1.1" 500 1091 "-" "Mozilla/5.0 (X11; Linux x86_64) AppleWebKit/537.36 (KHTML, like Gecko) Ubuntu Chromium/50.0.2661.102 Chrome/50.0.2661.102 Safari/537.36"
::1 - - [Thu, 26 May 2016 14:51:20 GMT] "GET / HTTP/1.1" 500 1091 "-" "Mozilla/5.0 (X11; Linux x86_64) AppleWebKit/537.36 (KHTML, like Gecko) Ubuntu Chromium/50.0.2661.102 Chrome/50.0.2661.102 Safari/537.36"
::1 - - [Thu, 26 May 2016 14:56:22 GMT] "GET / HTTP/1.1" 500 1091 "-" "Mozilla/5.0 (X11; Linux x86_64) AppleWebKit/537.36 (KHTML, like Gecko) Ubuntu Chromium/50.0.2661.102 Chrome/50.0.2661.102 Safari/537.36"
::1 - - [Thu, 26 May 2016 14:56:23 GMT] "GET / HTTP/1.1" 500 1091 "-" "Mozilla/5.0 (X11; Linux x86_64) AppleWebKit/537.36 (KHTML, like Gecko) Ubuntu Chromium/50.0.2661.102 Chrome/50.0.2661.102 Safari/537.36"
::1 - - [Thu, 26 May 2016 14:56:55 GMT] "GET / HTTP/1.1" 500 1091 "-" "Mozilla/5.0 (X11; Linux x86_64) AppleWebKit/537.36 (KHTML, like Gecko) Ubuntu Chromium/50.0.2661.102 Chrome/50.0.2661.102 Safari/537.36"
::1 - - [Thu, 26 May 2016 14:56:57 GMT] "GET / HTTP/1.1" 500 1091 "-" "Mozilla/5.0 (X11; Linux x86_64) AppleWebKit/537.36 (KHTML, like Gecko) Ubuntu Chromium/50.0.2661.102 Chrome/50.0.2661.102 Safari/537.36"
::1 - - [Thu, 26 May 2016 14:57:54 GMT] "GET / HTTP/1.1" 200 740 "-" "Mozilla/5.0 (X11; Linux x86_64) AppleWebKit/537.36 (KHTML, like Gecko) Ubuntu Chromium/50.0.2661.102 Chrome/50.0.2661.102 Safari/537.36"
::1 - - [Thu, 26 May 2016 14:57:55 GMT] "GET /stylesheets/style.css HTTP/1.1" 304 - "http://localhost:3000/" "Mozilla/5.0 (X11; Linux x86_64) AppleWebKit/537.36 (KHTML, like Gecko) Ubuntu Chromium/50.0.2661.102 Chrome/50.0.2661.102 Safari/537.36"
::1 - - [Thu, 26 May 2016 14:57:57 GMT] "GET / HTTP/1.1" 304 - "http://localhost:3000/" "Mozilla/5.0 (X11; Linux x86_64) AppleWebKit/537.36 (KHTML, like Gecko) Ubuntu Chromium/50.0.2661.102 Chrome/50.0.2661.102 Safari/537.36"
::1 - - [Thu, 26 May 2016 14:57:57 GMT] "GET /stylesheets/style.css HTTP/1.1" 304 - "http://localhost:3000/" "Mozilla/5.0 (X11; Linux x86_64) AppleWebKit/537.36 (KHTML, like Gecko) Ubuntu Chromium/50.0.2661.102 Chrome/50.0.2661.102 Safari/537.36"
::1 - - [Thu, 26 May 2016 14:57:57 GMT] "GET /archive HTTP/1.1" 304 - "http://localhost:3000/" "Mozilla/5.0 (X11; Linux x86_64) AppleWebKit/537.36 (KHTML, like Gecko) Ubuntu Chromium/50.0.2661.102 Chrome/50.0.2661.102 Safari/537.36"
::1 - - [Thu, 26 May 2016 14:57:57 GMT] "GET /stylesheets/style.css HTTP/1.1" 304 - "http://localhost:3000/archive" "Mozilla/5.0 (X11; Linux x86_64) AppleWebKit/537.36 (KHTML, like Gecko) Ubuntu Chromium/50.0.2661.102 Chrome/50.0.2661.102 Safari/537.36"
::1 - - [Thu, 26 May 2016 14:57:58 GMT] "GET /tags HTTP/1.1" 304 - "http://localhost:3000/archive" "Mozilla/5.0 (X11; Linux x86_64) AppleWebKit/537.36 (KHTML, like Gecko) Ubuntu Chromium/50.0.2661.102 Chrome/50.0.2661.102 Safari/537.36"
::1 - - [Thu, 26 May 2016 14:57:58 GMT] "GET /stylesheets/style.css HTTP/1.1" 304 - "http://localhost:3000/tags" "Mozilla/5.0 (X11; Linux x86_64) AppleWebKit/537.36 (KHTML, like Gecko) Ubuntu Chromium/50.0.2661.102 Chrome/50.0.2661.102 Safari/537.36"
::1 - - [Thu, 26 May 2016 14:57:58 GMT] "GET /links HTTP/1.1" 304 - "http://localhost:3000/tags" "Mozilla/5.0 (X11; Linux x86_64) AppleWebKit/537.36 (KHTML, like Gecko) Ubuntu Chromium/50.0.2661.102 Chrome/50.0.2661.102 Safari/537.36"
::1 - - [Thu, 26 May 2016 14:57:58 GMT] "GET /stylesheets/style.css HTTP/1.1" 304 - "http://localhost:3000/links" "Mozilla/5.0 (X11; Linux x86_64) AppleWebKit/537.36 (KHTML, like Gecko) Ubuntu Chromium/50.0.2661.102 Chrome/50.0.2661.102 Safari/537.36"
::1 - - [Thu, 26 May 2016 14:57:59 GMT] "GET /post HTTP/1.1" 200 1038 "http://localhost:3000/links" "Mozilla/5.0 (X11; Linux x86_64) AppleWebKit/537.36 (KHTML, like Gecko) Ubuntu Chromium/50.0.2661.102 Chrome/50.0.2661.102 Safari/537.36"
::1 - - [Thu, 26 May 2016 14:57:59 GMT] "GET /stylesheets/style.css HTTP/1.1" 304 - "http://localhost:3000/post" "Mozilla/5.0 (X11; Linux x86_64) AppleWebKit/537.36 (KHTML, like Gecko) Ubuntu Chromium/50.0.2661.102 Chrome/50.0.2661.102 Safari/537.36"
::1 - - [Thu, 26 May 2016 14:58:21 GMT] "POST /post HTTP/1.1" 302 46 "http://localhost:3000/post" "Mozilla/5.0 (X11; Linux x86_64) AppleWebKit/537.36 (KHTML, like Gecko) Ubuntu Chromium/50.0.2661.102 Chrome/50.0.2661.102 Safari/537.36"
::1 - - [Thu, 26 May 2016 14:58:22 GMT] "GET / HTTP/1.1" 200 1326 "http://localhost:3000/post" "Mozilla/5.0 (X11; Linux x86_64) AppleWebKit/537.36 (KHTML, like Gecko) Ubuntu Chromium/50.0.2661.102 Chrome/50.0.2661.102 Safari/537.36"
::1 - - [Thu, 26 May 2016 14:58:22 GMT] "GET /stylesheets/style.css HTTP/1.1" 304 - "http://localhost:3000/" "Mozilla/5.0 (X11; Linux x86_64) AppleWebKit/537.36 (KHTML, like Gecko) Ubuntu Chromium/50.0.2661.102 Chrome/50.0.2661.102 Safari/537.36"
::1 - - [Thu, 26 May 2016 14:58:29 GMT] "GET /u/noob/2016-5-26/Dota2 HTTP/1.1" 500 1096 "http://localhost:3000/" "Mozilla/5.0 (X11; Linux x86_64) AppleWebKit/537.36 (KHTML, like Gecko) Ubuntu Chromium/50.0.2661.102 Chrome/50.0.2661.102 Safari/537.36"
::1 - - [Thu, 26 May 2016 14:58:52 GMT] "GET /u/noob/2016-5-26/Dota2 HTTP/1.1" 200 1661 "http://localhost:3000/" "Mozilla/5.0 (X11; Linux x86_64) AppleWebKit/537.36 (KHTML, like Gecko) Ubuntu Chromium/50.0.2661.102 Chrome/50.0.2661.102 Safari/537.36"
::1 - - [Thu, 26 May 2016 14:58:52 GMT] "GET /stylesheets/style.css HTTP/1.1" 304 - "http://localhost:3000/u/noob/2016-5-26/Dota2" "Mozilla/5.0 (X11; Linux x86_64) AppleWebKit/537.36 (KHTML, like Gecko) Ubuntu Chromium/50.0.2661.102 Chrome/50.0.2661.102 Safari/537.36"
::1 - - [Thu, 26 May 2016 14:58:59 GMT] "GET /u/noob HTTP/1.1" 500 1091 "http://localhost:3000/u/noob/2016-5-26/Dota2" "Mozilla/5.0 (X11; Linux x86_64) AppleWebKit/537.36 (KHTML, like Gecko) Ubuntu Chromium/50.0.2661.102 Chrome/50.0.2661.102 Safari/537.36"
::1 - - [Thu, 26 May 2016 14:59:14 GMT] "GET /u/noob HTTP/1.1" 200 1307 "http://localhost:3000/u/noob/2016-5-26/Dota2" "Mozilla/5.0 (X11; Linux x86_64) AppleWebKit/537.36 (KHTML, like Gecko) Ubuntu Chromium/50.0.2661.102 Chrome/50.0.2661.102 Safari/537.36"
::1 - - [Thu, 26 May 2016 14:59:14 GMT] "GET /stylesheets/style.css HTTP/1.1" 304 - "http://localhost:3000/u/noob" "Mozilla/5.0 (X11; Linux x86_64) AppleWebKit/537.36 (KHTML, like Gecko) Ubuntu Chromium/50.0.2661.102 Chrome/50.0.2661.102 Safari/537.36"
::1 - - [Thu, 26 May 2016 14:59:16 GMT] "GET /logout HTTP/1.1" 302 46 "http://localhost:3000/u/noob" "Mozilla/5.0 (X11; Linux x86_64) AppleWebKit/537.36 (KHTML, like Gecko) Ubuntu Chromium/50.0.2661.102 Chrome/50.0.2661.102 Safari/537.36"
::1 - - [Thu, 26 May 2016 14:59:16 GMT] "GET / HTTP/1.1" 200 1273 "http://localhost:3000/u/noob" "Mozilla/5.0 (X11; Linux x86_64) AppleWebKit/537.36 (KHTML, like Gecko) Ubuntu Chromium/50.0.2661.102 Chrome/50.0.2661.102 Safari/537.36"
::1 - - [Thu, 26 May 2016 14:59:16 GMT] "GET /stylesheets/style.css HTTP/1.1" 304 - "http://localhost:3000/" "Mozilla/5.0 (X11; Linux x86_64) AppleWebKit/537.36 (KHTML, like Gecko) Ubuntu Chromium/50.0.2661.102 Chrome/50.0.2661.102 Safari/537.36"
::1 - - [Thu, 26 May 2016 14:59:18 GMT] "GET /login HTTP/1.1" 200 855 "http://localhost:3000/" "Mozilla/5.0 (X11; Linux x86_64) AppleWebKit/537.36 (KHTML, like Gecko) Ubuntu Chromium/50.0.2661.102 Chrome/50.0.2661.102 Safari/537.36"
::1 - - [Thu, 26 May 2016 14:59:18 GMT] "GET /stylesheets/style.css HTTP/1.1" 304 - "http://localhost:3000/login" "Mozilla/5.0 (X11; Linux x86_64) AppleWebKit/537.36 (KHTML, like Gecko) Ubuntu Chromium/50.0.2661.102 Chrome/50.0.2661.102 Safari/537.36"
::1 - - [Thu, 26 May 2016 14:59:22 GMT] "POST /login HTTP/1.1" 302 46 "http://localhost:3000/login" "Mozilla/5.0 (X11; Linux x86_64) AppleWebKit/537.36 (KHTML, like Gecko) Ubuntu Chromium/50.0.2661.102 Chrome/50.0.2661.102 Safari/537.36"
::1 - - [Thu, 26 May 2016 14:59:22 GMT] "GET / HTTP/1.1" 200 1326 "http://localhost:3000/login" "Mozilla/5.0 (X11; Linux x86_64) AppleWebKit/537.36 (KHTML, like Gecko) Ubuntu Chromium/50.0.2661.102 Chrome/50.0.2661.102 Safari/537.36"
::1 - - [Thu, 26 May 2016 14:59:22 GMT] "GET /stylesheets/style.css HTTP/1.1" 304 - "http://localhost:3000/" "Mozilla/5.0 (X11; Linux x86_64) AppleWebKit/537.36 (KHTML, like Gecko) Ubuntu Chromium/50.0.2661.102 Chrome/50.0.2661.102 Safari/537.36"
::1 - - [Thu, 26 May 2016 14:59:23 GMT] "GET /u/noob/2016-5-26/Dota2 HTTP/1.1" 500 1990 "http://localhost:3000/" "Mozilla/5.0 (X11; Linux x86_64) AppleWebKit/537.36 (KHTML, like Gecko) Ubuntu Chromium/50.0.2661.102 Chrome/50.0.2661.102 Safari/537.36"
::1 - - [Thu, 26 May 2016 14:59:30 GMT] "GET /u/noob/2016-5-26/Dota2 HTTP/1.1" 500 1990 "http://localhost:3000/" "Mozilla/5.0 (X11; Linux x86_64) AppleWebKit/537.36 (KHTML, like Gecko) Ubuntu Chromium/50.0.2661.102 Chrome/50.0.2661.102 Safari/537.36"
::1 - - [Thu, 26 May 2016 15:00:51 GMT] "GET /u/noob/2016-5-26/Dota2 HTTP/1.1" 500 1933 "http://localhost:3000/" "Mozilla/5.0 (X11; Linux x86_64) AppleWebKit/537.36 (KHTML, like Gecko) Ubuntu Chromium/50.0.2661.102 Chrome/50.0.2661.102 Safari/537.36"
::1 - - [Thu, 26 May 2016 15:01:47 GMT] "GET /u/noob/2016-5-26/Dota2 HTTP/1.1" 500 1895 "http://localhost:3000/" "Mozilla/5.0 (X11; Linux x86_64) AppleWebKit/537.36 (KHTML, like Gecko) Ubuntu Chromium/50.0.2661.102 Chrome/50.0.2661.102 Safari/537.36"
::1 - - [Thu, 26 May 2016 15:01:55 GMT] "GET /u/noob/2016-5-26/Dota2 HTTP/1.1" 200 1615 "http://localhost:3000/" "Mozilla/5.0 (X11; Linux x86_64) AppleWebKit/537.36 (KHTML, like Gecko) Ubuntu Chromium/50.0.2661.102 Chrome/50.0.2661.102 Safari/537.36"
::1 - - [Thu, 26 May 2016 15:01:55 GMT] "GET /stylesheets/style.css HTTP/1.1" 304 - "http://localhost:3000/u/noob/2016-5-26/Dota2" "Mozilla/5.0 (X11; Linux x86_64) AppleWebKit/537.36 (KHTML, like Gecko) Ubuntu Chromium/50.0.2661.102 Chrome/50.0.2661.102 Safari/537.36"
::1 - - [Thu, 26 May 2016 15:01:58 GMT] "GET /u/noob HTTP/1.1" 200 1307 "http://localhost:3000/u/noob/2016-5-26/Dota2" "Mozilla/5.0 (X11; Linux x86_64) AppleWebKit/537.36 (KHTML, like Gecko) Ubuntu Chromium/50.0.2661.102 Chrome/50.0.2661.102 Safari/537.36"
::1 - - [Thu, 26 May 2016 15:01:58 GMT] "GET /stylesheets/style.css HTTP/1.1" 304 - "http://localhost:3000/u/noob" "Mozilla/5.0 (X11; Linux x86_64) AppleWebKit/537.36 (KHTML, like Gecko) Ubuntu Chromium/50.0.2661.102 Chrome/50.0.2661.102 Safari/537.36"
::1 - - [Thu, 26 May 2016 15:02:00 GMT] "GET /u/noob/2016-5-26/Dota2 HTTP/1.1" 200 1615 "http://localhost:3000/u/noob" "Mozilla/5.0 (X11; Linux x86_64) AppleWebKit/537.36 (KHTML, like Gecko) Ubuntu Chromium/50.0.2661.102 Chrome/50.0.2661.102 Safari/537.36"
::1 - - [Thu, 26 May 2016 15:02:00 GMT] "GET /stylesheets/style.css HTTP/1.1" 304 - "http://localhost:3000/u/noob/2016-5-26/Dota2" "Mozilla/5.0 (X11; Linux x86_64) AppleWebKit/537.36 (KHTML, like Gecko) Ubuntu Chromium/50.0.2661.102 Chrome/50.0.2661.102 Safari/537.36"
::1 - - [Thu, 26 May 2016 15:02:00 GMT] "GET /reprint/noob/2016-5-26/Dota2 HTTP/1.1" 302 140 "http://localhost:3000/u/noob/2016-5-26/Dota2" "Mozilla/5.0 (X11; Linux x86_64) AppleWebKit/537.36 (KHTML, like Gecko) Ubuntu Chromium/50.0.2661.102 Chrome/50.0.2661.102 Safari/537.36"
::1 - - [Thu, 26 May 2016 15:02:00 GMT] "GET /u/noob2/2016-5-26/%5B%E8%BD%AC%E8%BD%BD%5DDota2 HTTP/1.1" 200 1799 "http://localhost:3000/u/noob/2016-5-26/Dota2" "Mozilla/5.0 (X11; Linux x86_64) AppleWebKit/537.36 (KHTML, like Gecko) Ubuntu Chromium/50.0.2661.102 Chrome/50.0.2661.102 Safari/537.36"
::1 - - [Thu, 26 May 2016 15:02:01 GMT] "GET /stylesheets/style.css HTTP/1.1" 304 - "http://localhost:3000/u/noob2/2016-5-26/%5B%E8%BD%AC%E8%BD%BD%5DDota2" "Mozilla/5.0 (X11; Linux x86_64) AppleWebKit/537.36 (KHTML, like Gecko) Ubuntu Chromium/50.0.2661.102 Chrome/50.0.2661.102 Safari/537.36"
::1 - - [Thu, 26 May 2016 15:02:09 GMT] "GET /edit/noob2/2016-5-26/[%E8%BD%AC%E8%BD%BD]Dota2 HTTP/1.1" 200 1206 "http://localhost:3000/u/noob2/2016-5-26/%5B%E8%BD%AC%E8%BD%BD%5DDota2" "Mozilla/5.0 (X11; Linux x86_64) AppleWebKit/537.36 (KHTML, like Gecko) Ubuntu Chromium/50.0.2661.102 Chrome/50.0.2661.102 Safari/537.36"
::1 - - [Thu, 26 May 2016 15:02:09 GMT] "GET /stylesheets/style.css HTTP/1.1" 304 - "http://localhost:3000/edit/noob2/2016-5-26/[%E8%BD%AC%E8%BD%BD]Dota2" "Mozilla/5.0 (X11; Linux x86_64) AppleWebKit/537.36 (KHTML, like Gecko) Ubuntu Chromium/50.0.2661.102 Chrome/50.0.2661.102 Safari/537.36"
::1 - - [Thu, 26 May 2016 15:02:13 GMT] "POST /edit/noob2/2016-5-26/[%E8%BD%AC%E8%BD%BD]Dota2 HTTP/1.1" 302 140 "http://localhost:3000/edit/noob2/2016-5-26/[%E8%BD%AC%E8%BD%BD]Dota2" "Mozilla/5.0 (X11; Linux x86_64) AppleWebKit/537.36 (KHTML, like Gecko) Ubuntu Chromium/50.0.2661.102 Chrome/50.0.2661.102 Safari/537.36"
::1 - - [Thu, 26 May 2016 15:02:13 GMT] "GET /u/noob2/2016-5-26/%5B%E8%BD%AC%E8%BD%BD%5DDota2 HTTP/1.1" 200 1798 "http://localhost:3000/edit/noob2/2016-5-26/[%E8%BD%AC%E8%BD%BD]Dota2" "Mozilla/5.0 (X11; Linux x86_64) AppleWebKit/537.36 (KHTML, like Gecko) Ubuntu Chromium/50.0.2661.102 Chrome/50.0.2661.102 Safari/537.36"
::1 - - [Thu, 26 May 2016 15:02:13 GMT] "GET /stylesheets/style.css HTTP/1.1" 304 - "http://localhost:3000/u/noob2/2016-5-26/%5B%E8%BD%AC%E8%BD%BD%5DDota2" "Mozilla/5.0 (X11; Linux x86_64) AppleWebKit/537.36 (KHTML, like Gecko) Ubuntu Chromium/50.0.2661.102 Chrome/50.0.2661.102 Safari/537.36"
::1 - - [Thu, 26 May 2016 15:02:16 GMT] "GET / HTTP/1.1" 200 1961 "http://localhost:3000/u/noob2/2016-5-26/%5B%E8%BD%AC%E8%BD%BD%5DDota2" "Mozilla/5.0 (X11; Linux x86_64) AppleWebKit/537.36 (KHTML, like Gecko) Ubuntu Chromium/50.0.2661.102 Chrome/50.0.2661.102 Safari/537.36"
::1 - - [Thu, 26 May 2016 15:02:17 GMT] "GET /stylesheets/style.css HTTP/1.1" 304 - "http://localhost:3000/" "Mozilla/5.0 (X11; Linux x86_64) AppleWebKit/537.36 (KHTML, like Gecko) Ubuntu Chromium/50.0.2661.102 Chrome/50.0.2661.102 Safari/537.36"
::1 - - [Thu, 26 May 2016 15:02:20 GMT] "GET /u/noob/2016-5-26/Dota2 HTTP/1.1" 200 1613 "http://localhost:3000/" "Mozilla/5.0 (X11; Linux x86_64) AppleWebKit/537.36 (KHTML, like Gecko) Ubuntu Chromium/50.0.2661.102 Chrome/50.0.2661.102 Safari/537.36"
::1 - - [Thu, 26 May 2016 15:02:20 GMT] "GET /stylesheets/style.css HTTP/1.1" 304 - "http://localhost:3000/u/noob/2016-5-26/Dota2" "Mozilla/5.0 (X11; Linux x86_64) AppleWebKit/537.36 (KHTML, like Gecko) Ubuntu Chromium/50.0.2661.102 Chrome/50.0.2661.102 Safari/537.36"
::1 - - [Thu, 26 May 2016 15:02:22 GMT] "GET /u/noob2/2016-5-26/[%E8%BD%AC%E8%BD%BD]Dota2 HTTP/1.1" 200 1772 "http://localhost:3000/" "Mozilla/5.0 (X11; Linux x86_64) AppleWebKit/537.36 (KHTML, like Gecko) Ubuntu Chromium/50.0.2661.102 Chrome/50.0.2661.102 Safari/537.36"
::1 - - [Thu, 26 May 2016 15:02:22 GMT] "GET /stylesheets/style.css HTTP/1.1" 304 - "http://localhost:3000/u/noob2/2016-5-26/[%E8%BD%AC%E8%BD%BD]Dota2" "Mozilla/5.0 (X11; Linux x86_64) AppleWebKit/537.36 (KHTML, like Gecko) Ubuntu Chromium/50.0.2661.102 Chrome/50.0.2661.102 Safari/537.36"
::1 - - [Thu, 26 May 2016 15:02:30 GMT] "GET /u/noob/2016-5-26/Dota2 HTTP/1.1" 200 1613 "http://localhost:3000/" "Mozilla/5.0 (X11; Linux x86_64) AppleWebKit/537.36 (KHTML, like Gecko) Ubuntu Chromium/50.0.2661.102 Chrome/50.0.2661.102 Safari/537.36"
::1 - - [Thu, 26 May 2016 15:02:30 GMT] "GET /stylesheets/style.css HTTP/1.1" 304 - "http://localhost:3000/u/noob/2016-5-26/Dota2" "Mozilla/5.0 (X11; Linux x86_64) AppleWebKit/537.36 (KHTML, like Gecko) Ubuntu Chromium/50.0.2661.102 Chrome/50.0.2661.102 Safari/537.36"
::1 - - [Thu, 26 May 2016 15:02:37 GMT] "GET /u/noob2/2016-5-26/[%E8%BD%AC%E8%BD%BD]Dota2 HTTP/1.1" 200 1772 "http://localhost:3000/" "Mozilla/5.0 (X11; Linux x86_64) AppleWebKit/537.36 (KHTML, like Gecko) Ubuntu Chromium/50.0.2661.102 Chrome/50.0.2661.102 Safari/537.36"
::1 - - [Thu, 26 May 2016 15:02:37 GMT] "GET /stylesheets/style.css HTTP/1.1" 304 - "http://localhost:3000/u/noob2/2016-5-26/[%E8%BD%AC%E8%BD%BD]Dota2" "Mozilla/5.0 (X11; Linux x86_64) AppleWebKit/537.36 (KHTML, like Gecko) Ubuntu Chromium/50.0.2661.102 Chrome/50.0.2661.102 Safari/537.36"
::1 - - [Thu, 26 May 2016 15:02:39 GMT] "GET /u/noob/2016-5-26/Dota2 HTTP/1.1" 200 1614 "http://localhost:3000/" "Mozilla/5.0 (X11; Linux x86_64) AppleWebKit/537.36 (KHTML, like Gecko) Ubuntu Chromium/50.0.2661.102 Chrome/50.0.2661.102 Safari/537.36"
::1 - - [Thu, 26 May 2016 15:02:39 GMT] "GET /stylesheets/style.css HTTP/1.1" 304 - "http://localhost:3000/u/noob/2016-5-26/Dota2" "Mozilla/5.0 (X11; Linux x86_64) AppleWebKit/537.36 (KHTML, like Gecko) Ubuntu Chromium/50.0.2661.102 Chrome/50.0.2661.102 Safari/537.36"
::1 - - [Thu, 26 May 2016 15:02:43 GMT] "GET /logout HTTP/1.1" 302 46 "http://localhost:3000/u/noob/2016-5-26/Dota2" "Mozilla/5.0 (X11; Linux x86_64) AppleWebKit/537.36 (KHTML, like Gecko) Ubuntu Chromium/50.0.2661.102 Chrome/50.0.2661.102 Safari/537.36"
::1 - - [Thu, 26 May 2016 15:02:43 GMT] "GET / HTTP/1.1" 200 1935 "http://localhost:3000/u/noob/2016-5-26/Dota2" "Mozilla/5.0 (X11; Linux x86_64) AppleWebKit/537.36 (KHTML, like Gecko) Ubuntu Chromium/50.0.2661.102 Chrome/50.0.2661.102 Safari/537.36"
::1 - - [Thu, 26 May 2016 15:02:43 GMT] "GET /stylesheets/style.css HTTP/1.1" 304 - "http://localhost:3000/" "Mozilla/5.0 (X11; Linux x86_64) AppleWebKit/537.36 (KHTML, like Gecko) Ubuntu Chromium/50.0.2661.102 Chrome/50.0.2661.102 Safari/537.36"
::1 - - [Thu, 26 May 2016 15:02:44 GMT] "GET /login HTTP/1.1" 200 855 "http://localhost:3000/" "Mozilla/5.0 (X11; Linux x86_64) AppleWebKit/537.36 (KHTML, like Gecko) Ubuntu Chromium/50.0.2661.102 Chrome/50.0.2661.102 Safari/537.36"
::1 - - [Thu, 26 May 2016 15:02:44 GMT] "GET /stylesheets/style.css HTTP/1.1" 304 - "http://localhost:3000/login" "Mozilla/5.0 (X11; Linux x86_64) AppleWebKit/537.36 (KHTML, like Gecko) Ubuntu Chromium/50.0.2661.102 Chrome/50.0.2661.102 Safari/537.36"
::1 - - [Thu, 26 May 2016 15:02:47 GMT] "POST /login HTTP/1.1" 302 46 "http://localhost:3000/login" "Mozilla/5.0 (X11; Linux x86_64) AppleWebKit/537.36 (KHTML, like Gecko) Ubuntu Chromium/50.0.2661.102 Chrome/50.0.2661.102 Safari/537.36"
::1 - - [Thu, 26 May 2016 15:02:47 GMT] "GET / HTTP/1.1" 200 1988 "http://localhost:3000/login" "Mozilla/5.0 (X11; Linux x86_64) AppleWebKit/537.36 (KHTML, like Gecko) Ubuntu Chromium/50.0.2661.102 Chrome/50.0.2661.102 Safari/537.36"
::1 - - [Thu, 26 May 2016 15:02:47 GMT] "GET /stylesheets/style.css HTTP/1.1" 304 - "http://localhost:3000/" "Mozilla/5.0 (X11; Linux x86_64) AppleWebKit/537.36 (KHTML, like Gecko) Ubuntu Chromium/50.0.2661.102 Chrome/50.0.2661.102 Safari/537.36"
::1 - - [Thu, 26 May 2016 15:02:48 GMT] "GET /u/noob/2016-5-26/Dota2 HTTP/1.1" 200 1663 "http://localhost:3000/" "Mozilla/5.0 (X11; Linux x86_64) AppleWebKit/537.36 (KHTML, like Gecko) Ubuntu Chromium/50.0.2661.102 Chrome/50.0.2661.102 Safari/537.36"
::1 - - [Thu, 26 May 2016 15:02:49 GMT] "GET /stylesheets/style.css HTTP/1.1" 304 - "http://localhost:3000/u/noob/2016-5-26/Dota2" "Mozilla/5.0 (X11; Linux x86_64) AppleWebKit/537.36 (KHTML, like Gecko) Ubuntu Chromium/50.0.2661.102 Chrome/50.0.2661.102 Safari/537.36"
::1 - - [Thu, 26 May 2016 15:02:50 GMT] "GET / HTTP/1.1" 200 1962 "http://localhost:3000/u/noob/2016-5-26/Dota2" "Mozilla/5.0 (X11; Linux x86_64) AppleWebKit/537.36 (KHTML, like Gecko) Ubuntu Chromium/50.0.2661.102 Chrome/50.0.2661.102 Safari/537.36"
::1 - - [Thu, 26 May 2016 15:02:50 GMT] "GET /stylesheets/style.css HTTP/1.1" 304 - "http://localhost:3000/" "Mozilla/5.0 (X11; Linux x86_64) AppleWebKit/537.36 (KHTML, like Gecko) Ubuntu Chromium/50.0.2661.102 Chrome/50.0.2661.102 Safari/537.36"
::1 - - [Thu, 26 May 2016 15:02:53 GMT] "GET /u/noob HTTP/1.1" 200 1309 "http://localhost:3000/" "Mozilla/5.0 (X11; Linux x86_64) AppleWebKit/537.36 (KHTML, like Gecko) Ubuntu Chromium/50.0.2661.102 Chrome/50.0.2661.102 Safari/537.36"
::1 - - [Thu, 26 May 2016 15:02:53 GMT] "GET /stylesheets/style.css HTTP/1.1" 304 - "http://localhost:3000/u/noob" "Mozilla/5.0 (X11; Linux x86_64) AppleWebKit/537.36 (KHTML, like Gecko) Ubuntu Chromium/50.0.2661.102 Chrome/50.0.2661.102 Safari/537.36"
::1 - - [Thu, 26 May 2016 15:02:55 GMT] "GET /u/noob/2016-5-26/Dota2 HTTP/1.1" 200 1663 "http://localhost:3000/u/noob" "Mozilla/5.0 (X11; Linux x86_64) AppleWebKit/537.36 (KHTML, like Gecko) Ubuntu Chromium/50.0.2661.102 Chrome/50.0.2661.102 Safari/537.36"
::1 - - [Thu, 26 May 2016 15:02:55 GMT] "GET /stylesheets/style.css HTTP/1.1" 304 - "http://localhost:3000/u/noob/2016-5-26/Dota2" "Mozilla/5.0 (X11; Linux x86_64) AppleWebKit/537.36 (KHTML, like Gecko) Ubuntu Chromium/50.0.2661.102 Chrome/50.0.2661.102 Safari/537.36"
::1 - - [Thu, 26 May 2016 15:02:56 GMT] "GET /remove/noob/2016-5-26/Dota2 HTTP/1.1" 302 46 "http://localhost:3000/u/noob/2016-5-26/Dota2" "Mozilla/5.0 (X11; Linux x86_64) AppleWebKit/537.36 (KHTML, like Gecko) Ubuntu Chromium/50.0.2661.102 Chrome/50.0.2661.102 Safari/537.36"
::1 - - [Thu, 26 May 2016 15:02:56 GMT] "GET / HTTP/1.1" 200 1426 "http://localhost:3000/u/noob/2016-5-26/Dota2" "Mozilla/5.0 (X11; Linux x86_64) AppleWebKit/537.36 (KHTML, like Gecko) Ubuntu Chromium/50.0.2661.102 Chrome/50.0.2661.102 Safari/537.36"
::1 - - [Thu, 26 May 2016 15:02:56 GMT] "GET /stylesheets/style.css HTTP/1.1" 304 - "http://localhost:3000/" "Mozilla/5.0 (X11; Linux x86_64) AppleWebKit/537.36 (KHTML, like Gecko) Ubuntu Chromium/50.0.2661.102 Chrome/50.0.2661.102 Safari/537.36"
::1 - - [Thu, 26 May 2016 15:02:58 GMT] "GET / HTTP/1.1" 200 1400 "http://localhost:3000/" "Mozilla/5.0 (X11; Linux x86_64) AppleWebKit/537.36 (KHTML, like Gecko) Ubuntu Chromium/50.0.2661.102 Chrome/50.0.2661.102 Safari/537.36"
::1 - - [Thu, 26 May 2016 15:02:58 GMT] "GET /stylesheets/style.css HTTP/1.1" 304 - "http://localhost:3000/" "Mozilla/5.0 (X11; Linux x86_64) AppleWebKit/537.36 (KHTML, like Gecko) Ubuntu Chromium/50.0.2661.102 Chrome/50.0.2661.102 Safari/537.36"
::1 - - [Thu, 26 May 2016 15:02:59 GMT] "GET /u/noob/2016-5-26/Dota2 HTTP/1.1" 500 2164 "http://localhost:3000/" "Mozilla/5.0 (X11; Linux x86_64) AppleWebKit/537.36 (KHTML, like Gecko) Ubuntu Chromium/50.0.2661.102 Chrome/50.0.2661.102 Safari/537.36"
::1 - - [Thu, 26 May 2016 15:03:02 GMT] "GET /u/noob2/2016-5-26/[%E8%BD%AC%E8%BD%BD]Dota2 HTTP/1.1" 500 1114 "http://localhost:3000/" "Mozilla/5.0 (X11; Linux x86_64) AppleWebKit/537.36 (KHTML, like Gecko) Ubuntu Chromium/50.0.2661.102 Chrome/50.0.2661.102 Safari/537.36"
::1 - - [Thu, 26 May 2016 15:03:05 GMT] "GET /u/noob2/2016-5-26/[%E8%BD%AC%E8%BD%BD]Dota2 HTTP/1.1" 200 1622 "http://localhost:3000/" "Mozilla/5.0 (X11; Linux x86_64) AppleWebKit/537.36 (KHTML, like Gecko) Ubuntu Chromium/50.0.2661.102 Chrome/50.0.2661.102 Safari/537.36"
::1 - - [Thu, 26 May 2016 15:03:05 GMT] "GET /stylesheets/style.css HTTP/1.1" 304 - "http://localhost:3000/u/noob2/2016-5-26/[%E8%BD%AC%E8%BD%BD]Dota2" "Mozilla/5.0 (X11; Linux x86_64) AppleWebKit/537.36 (KHTML, like Gecko) Ubuntu Chromium/50.0.2661.102 Chrome/50.0.2661.102 Safari/537.36"
::1 - - [Thu, 26 May 2016 15:03:08 GMT] "GET /u/noob2/2016-5-26/[%E8%BD%AC%E8%BD%BD]Dota2 HTTP/1.1" 200 1622 "http://localhost:3000/" "Mozilla/5.0 (X11; Linux x86_64) AppleWebKit/537.36 (KHTML, like Gecko) Ubuntu Chromium/50.0.2661.102 Chrome/50.0.2661.102 Safari/537.36"
::1 - - [Thu, 26 May 2016 15:03:08 GMT] "GET /stylesheets/style.css HTTP/1.1" 304 - "http://localhost:3000/u/noob2/2016-5-26/[%E8%BD%AC%E8%BD%BD]Dota2" "Mozilla/5.0 (X11; Linux x86_64) AppleWebKit/537.36 (KHTML, like Gecko) Ubuntu Chromium/50.0.2661.102 Chrome/50.0.2661.102 Safari/537.36"
::1 - - [Thu, 26 May 2016 15:03:10 GMT] "GET /u/noob2/2016-5-26/[%E8%BD%AC%E8%BD%BD]Dota2 HTTP/1.1" 200 1622 "http://localhost:3000/" "Mozilla/5.0 (X11; Linux x86_64) AppleWebKit/537.36 (KHTML, like Gecko) Ubuntu Chromium/50.0.2661.102 Chrome/50.0.2661.102 Safari/537.36"
::1 - - [Thu, 26 May 2016 15:03:10 GMT] "GET /stylesheets/style.css HTTP/1.1" 304 - "http://localhost:3000/u/noob2/2016-5-26/[%E8%BD%AC%E8%BD%BD]Dota2" "Mozilla/5.0 (X11; Linux x86_64) AppleWebKit/537.36 (KHTML, like Gecko) Ubuntu Chromium/50.0.2661.102 Chrome/50.0.2661.102 Safari/537.36"
::1 - - [Thu, 26 May 2016 15:03:12 GMT] "GET /u/noob/2016-5-26/Dota2 HTTP/1.1" 500 2164 "http://localhost:3000/u/noob2/2016-5-26/[%E8%BD%AC%E8%BD%BD]Dota2" "Mozilla/5.0 (X11; Linux x86_64) AppleWebKit/537.36 (KHTML, like Gecko) Ubuntu Chromium/50.0.2661.102 Chrome/50.0.2661.102 Safari/537.36"
::1 - - [Thu, 26 May 2016 15:03:49 GMT] "GET /post HTTP/1.1" 200 1038 "http://localhost:3000/u/noob2/2016-5-26/[%E8%BD%AC%E8%BD%BD]Dota2" "Mozilla/5.0 (X11; Linux x86_64) AppleWebKit/537.36 (KHTML, like Gecko) Ubuntu Chromium/50.0.2661.102 Chrome/50.0.2661.102 Safari/537.36"
::1 - - [Thu, 26 May 2016 15:03:50 GMT] "GET /stylesheets/style.css HTTP/1.1" 304 - "http://localhost:3000/post" "Mozilla/5.0 (X11; Linux x86_64) AppleWebKit/537.36 (KHTML, like Gecko) Ubuntu Chromium/50.0.2661.102 Chrome/50.0.2661.102 Safari/537.36"
::1 - - [Thu, 26 May 2016 15:03:50 GMT] "GET / HTTP/1.1" 500 1130 "http://localhost:3000/post" "Mozilla/5.0 (X11; Linux x86_64) AppleWebKit/537.36 (KHTML, like Gecko) Ubuntu Chromium/50.0.2661.102 Chrome/50.0.2661.102 Safari/537.36"
::1 - - [Thu, 26 May 2016 15:03:54 GMT] "GET / HTTP/1.1" 200 1400 "http://localhost:3000/post" "Mozilla/5.0 (X11; Linux x86_64) AppleWebKit/537.36 (KHTML, like Gecko) Ubuntu Chromium/50.0.2661.102 Chrome/50.0.2661.102 Safari/537.36"
::1 - - [Thu, 26 May 2016 15:03:54 GMT] "GET /stylesheets/style.css HTTP/1.1" 304 - "http://localhost:3000/" "Mozilla/5.0 (X11; Linux x86_64) AppleWebKit/537.36 (KHTML, like Gecko) Ubuntu Chromium/50.0.2661.102 Chrome/50.0.2661.102 Safari/537.36"
::1 - - [Thu, 26 May 2016 15:03:55 GMT] "GET / HTTP/1.1" 304 - "http://localhost:3000/" "Mozilla/5.0 (X11; Linux x86_64) AppleWebKit/537.36 (KHTML, like Gecko) Ubuntu Chromium/50.0.2661.102 Chrome/50.0.2661.102 Safari/537.36"
::1 - - [Thu, 26 May 2016 15:03:55 GMT] "GET /stylesheets/style.css HTTP/1.1" 304 - "http://localhost:3000/" "Mozilla/5.0 (X11; Linux x86_64) AppleWebKit/537.36 (KHTML, like Gecko) Ubuntu Chromium/50.0.2661.102 Chrome/50.0.2661.102 Safari/537.36"
::1 - - [Thu, 26 May 2016 15:03:56 GMT] "GET / HTTP/1.1" 304 - "http://localhost:3000/" "Mozilla/5.0 (X11; Linux x86_64) AppleWebKit/537.36 (KHTML, like Gecko) Ubuntu Chromium/50.0.2661.102 Chrome/50.0.2661.102 Safari/537.36"
::1 - - [Thu, 26 May 2016 15:03:56 GMT] "GET /stylesheets/style.css HTTP/1.1" 304 - "http://localhost:3000/" "Mozilla/5.0 (X11; Linux x86_64) AppleWebKit/537.36 (KHTML, like Gecko) Ubuntu Chromium/50.0.2661.102 Chrome/50.0.2661.102 Safari/537.36"
::1 - - [Thu, 26 May 2016 15:03:59 GMT] "GET /u/noob2/2016-5-26/[%E8%BD%AC%E8%BD%BD]Dota2 HTTP/1.1" 200 1622 "http://localhost:3000/" "Mozilla/5.0 (X11; Linux x86_64) AppleWebKit/537.36 (KHTML, like Gecko) Ubuntu Chromium/50.0.2661.102 Chrome/50.0.2661.102 Safari/537.36"
::1 - - [Thu, 26 May 2016 15:03:59 GMT] "GET /stylesheets/style.css HTTP/1.1" 304 - "http://localhost:3000/u/noob2/2016-5-26/[%E8%BD%AC%E8%BD%BD]Dota2" "Mozilla/5.0 (X11; Linux x86_64) AppleWebKit/537.36 (KHTML, like Gecko) Ubuntu Chromium/50.0.2661.102 Chrome/50.0.2661.102 Safari/537.36"
::1 - - [Thu, 26 May 2016 15:04:04 GMT] "GET / HTTP/1.1" 200 1400 "http://localhost:3000/u/noob2/2016-5-26/[%E8%BD%AC%E8%BD%BD]Dota2" "Mozilla/5.0 (X11; Linux x86_64) AppleWebKit/537.36 (KHTML, like Gecko) Ubuntu Chromium/50.0.2661.102 Chrome/50.0.2661.102 Safari/537.36"
::1 - - [Thu, 26 May 2016 15:04:04 GMT] "GET /stylesheets/style.css HTTP/1.1" 304 - "http://localhost:3000/" "Mozilla/5.0 (X11; Linux x86_64) AppleWebKit/537.36 (KHTML, like Gecko) Ubuntu Chromium/50.0.2661.102 Chrome/50.0.2661.102 Safari/537.36"
::1 - - [Thu, 26 May 2016 15:04:07 GMT] "GET /logout HTTP/1.1" 302 46 "http://localhost:3000/" "Mozilla/5.0 (X11; Linux x86_64) AppleWebKit/537.36 (KHTML, like Gecko) Ubuntu Chromium/50.0.2661.102 Chrome/50.0.2661.102 Safari/537.36"
::1 - - [Thu, 26 May 2016 15:04:07 GMT] "GET / HTTP/1.1" 200 1373 "http://localhost:3000/" "Mozilla/5.0 (X11; Linux x86_64) AppleWebKit/537.36 (KHTML, like Gecko) Ubuntu Chromium/50.0.2661.102 Chrome/50.0.2661.102 Safari/537.36"
::1 - - [Thu, 26 May 2016 15:04:07 GMT] "GET /stylesheets/style.css HTTP/1.1" 304 - "http://localhost:3000/" "Mozilla/5.0 (X11; Linux x86_64) AppleWebKit/537.36 (KHTML, like Gecko) Ubuntu Chromium/50.0.2661.102 Chrome/50.0.2661.102 Safari/537.36"
::1 - - [Thu, 26 May 2016 15:04:08 GMT] "GET /login HTTP/1.1" 200 855 "http://localhost:3000/" "Mozilla/5.0 (X11; Linux x86_64) AppleWebKit/537.36 (KHTML, like Gecko) Ubuntu Chromium/50.0.2661.102 Chrome/50.0.2661.102 Safari/537.36"
::1 - - [Thu, 26 May 2016 15:04:08 GMT] "GET /stylesheets/style.css HTTP/1.1" 304 - "http://localhost:3000/login" "Mozilla/5.0 (X11; Linux x86_64) AppleWebKit/537.36 (KHTML, like Gecko) Ubuntu Chromium/50.0.2661.102 Chrome/50.0.2661.102 Safari/537.36"
::1 - - [Thu, 26 May 2016 15:04:09 GMT] "POST /login HTTP/1.1" 302 46 "http://localhost:3000/login" "Mozilla/5.0 (X11; Linux x86_64) AppleWebKit/537.36 (KHTML, like Gecko) Ubuntu Chromium/50.0.2661.102 Chrome/50.0.2661.102 Safari/537.36"
::1 - - [Thu, 26 May 2016 15:04:09 GMT] "GET / HTTP/1.1" 200 1426 "http://localhost:3000/login" "Mozilla/5.0 (X11; Linux x86_64) AppleWebKit/537.36 (KHTML, like Gecko) Ubuntu Chromium/50.0.2661.102 Chrome/50.0.2661.102 Safari/537.36"
::1 - - [Thu, 26 May 2016 15:04:09 GMT] "GET /stylesheets/style.css HTTP/1.1" 304 - "http://localhost:3000/" "Mozilla/5.0 (X11; Linux x86_64) AppleWebKit/537.36 (KHTML, like Gecko) Ubuntu Chromium/50.0.2661.102 Chrome/50.0.2661.102 Safari/537.36"
::1 - - [Thu, 26 May 2016 15:04:13 GMT] "GET /u/noob2/2016-5-26/[%E8%BD%AC%E8%BD%BD]Dota2 HTTP/1.1" 200 1622 "http://localhost:3000/" "Mozilla/5.0 (X11; Linux x86_64) AppleWebKit/537.36 (KHTML, like Gecko) Ubuntu Chromium/50.0.2661.102 Chrome/50.0.2661.102 Safari/537.36"
::1 - - [Thu, 26 May 2016 15:04:13 GMT] "GET /stylesheets/style.css HTTP/1.1" 304 - "http://localhost:3000/u/noob2/2016-5-26/[%E8%BD%AC%E8%BD%BD]Dota2" "Mozilla/5.0 (X11; Linux x86_64) AppleWebKit/537.36 (KHTML, like Gecko) Ubuntu Chromium/50.0.2661.102 Chrome/50.0.2661.102 Safari/537.36"
::1 - - [Thu, 26 May 2016 15:04:16 GMT] "GET /u/noob/2016-5-26/Dota2 HTTP/1.1" 500 2164 "http://localhost:3000/u/noob2/2016-5-26/[%E8%BD%AC%E8%BD%BD]Dota2" "Mozilla/5.0 (X11; Linux x86_64) AppleWebKit/537.36 (KHTML, like Gecko) Ubuntu Chromium/50.0.2661.102 Chrome/50.0.2661.102 Safari/537.36"
::1 - - [Thu, 26 May 2016 15:04:32 GMT] "GET /logout HTTP/1.1" 302 46 "http://localhost:3000/u/noob2/2016-5-26/[%E8%BD%AC%E8%BD%BD]Dota2" "Mozilla/5.0 (X11; Linux x86_64) AppleWebKit/537.36 (KHTML, like Gecko) Ubuntu Chromium/50.0.2661.102 Chrome/50.0.2661.102 Safari/537.36"
::1 - - [Thu, 26 May 2016 15:04:32 GMT] "GET / HTTP/1.1" 500 1130 "http://localhost:3000/u/noob2/2016-5-26/[%E8%BD%AC%E8%BD%BD]Dota2" "Mozilla/5.0 (X11; Linux x86_64) AppleWebKit/537.36 (KHTML, like Gecko) Ubuntu Chromium/50.0.2661.102 Chrome/50.0.2661.102 Safari/537.36"
::1 - - [Thu, 26 May 2016 15:04:58 GMT] "GET /u/noob2/2016-5-26/[%E8%BD%AC%E8%BD%BD]Dota2 HTTP/1.1" 500 1805 "http://localhost:3000/" "Mozilla/5.0 (X11; Linux x86_64) AppleWebKit/537.36 (KHTML, like Gecko) Ubuntu Chromium/50.0.2661.102 Chrome/50.0.2661.102 Safari/537.36"
::1 - - [Thu, 26 May 2016 15:05:03 GMT] "GET / HTTP/1.1" 500 1130 "-" "Mozilla/5.0 (X11; Linux x86_64) AppleWebKit/537.36 (KHTML, like Gecko) Ubuntu Chromium/50.0.2661.102 Chrome/50.0.2661.102 Safari/537.36"
::1 - - [Thu, 26 May 2016 15:05:10 GMT] "GET / HTTP/1.1" 200 688 "-" "Mozilla/5.0 (X11; Linux x86_64) AppleWebKit/537.36 (KHTML, like Gecko) Ubuntu Chromium/50.0.2661.102 Chrome/50.0.2661.102 Safari/537.36"
::1 - - [Thu, 26 May 2016 15:05:10 GMT] "GET /stylesheets/style.css HTTP/1.1" 304 - "http://localhost:3000/" "Mozilla/5.0 (X11; Linux x86_64) AppleWebKit/537.36 (KHTML, like Gecko) Ubuntu Chromium/50.0.2661.102 Chrome/50.0.2661.102 Safari/537.36"
::1 - - [Thu, 26 May 2016 15:05:12 GMT] "GET / HTTP/1.1" 304 - "http://localhost:3000/" "Mozilla/5.0 (X11; Linux x86_64) AppleWebKit/537.36 (KHTML, like Gecko) Ubuntu Chromium/50.0.2661.102 Chrome/50.0.2661.102 Safari/537.36"
::1 - - [Thu, 26 May 2016 15:05:12 GMT] "GET /stylesheets/style.css HTTP/1.1" 304 - "http://localhost:3000/" "Mozilla/5.0 (X11; Linux x86_64) AppleWebKit/537.36 (KHTML, like Gecko) Ubuntu Chromium/50.0.2661.102 Chrome/50.0.2661.102 Safari/537.36"
::1 - - [Thu, 26 May 2016 15:05:13 GMT] "GET /login HTTP/1.1" 200 855 "http://localhost:3000/" "Mozilla/5.0 (X11; Linux x86_64) AppleWebKit/537.36 (KHTML, like Gecko) Ubuntu Chromium/50.0.2661.102 Chrome/50.0.2661.102 Safari/537.36"
::1 - - [Thu, 26 May 2016 15:05:13 GMT] "GET /stylesheets/style.css HTTP/1.1" 304 - "http://localhost:3000/login" "Mozilla/5.0 (X11; Linux x86_64) AppleWebKit/537.36 (KHTML, like Gecko) Ubuntu Chromium/50.0.2661.102 Chrome/50.0.2661.102 Safari/537.36"
::1 - - [Thu, 26 May 2016 15:05:14 GMT] "POST /login HTTP/1.1" 302 46 "http://localhost:3000/login" "Mozilla/5.0 (X11; Linux x86_64) AppleWebKit/537.36 (KHTML, like Gecko) Ubuntu Chromium/50.0.2661.102 Chrome/50.0.2661.102 Safari/537.36"
::1 - - [Thu, 26 May 2016 15:05:14 GMT] "GET / HTTP/1.1" 200 766 "http://localhost:3000/login" "Mozilla/5.0 (X11; Linux x86_64) AppleWebKit/537.36 (KHTML, like Gecko) Ubuntu Chromium/50.0.2661.102 Chrome/50.0.2661.102 Safari/537.36"
::1 - - [Thu, 26 May 2016 15:05:14 GMT] "GET /stylesheets/style.css HTTP/1.1" 304 - "http://localhost:3000/" "Mozilla/5.0 (X11; Linux x86_64) AppleWebKit/537.36 (KHTML, like Gecko) Ubuntu Chromium/50.0.2661.102 Chrome/50.0.2661.102 Safari/537.36"
::1 - - [Thu, 26 May 2016 15:05:16 GMT] "GET /post HTTP/1.1" 304 - "http://localhost:3000/" "Mozilla/5.0 (X11; Linux x86_64) AppleWebKit/537.36 (KHTML, like Gecko) Ubuntu Chromium/50.0.2661.102 Chrome/50.0.2661.102 Safari/537.36"
::1 - - [Thu, 26 May 2016 15:05:16 GMT] "GET /stylesheets/style.css HTTP/1.1" 304 - "http://localhost:3000/post" "Mozilla/5.0 (X11; Linux x86_64) AppleWebKit/537.36 (KHTML, like Gecko) Ubuntu Chromium/50.0.2661.102 Chrome/50.0.2661.102 Safari/537.36"
::1 - - [Thu, 26 May 2016 15:05:26 GMT] "POST /post HTTP/1.1" 302 46 "http://localhost:3000/post" "Mozilla/5.0 (X11; Linux x86_64) AppleWebKit/537.36 (KHTML, like Gecko) Ubuntu Chromium/50.0.2661.102 Chrome/50.0.2661.102 Safari/537.36"
::1 - - [Thu, 26 May 2016 15:05:26 GMT] "GET / HTTP/1.1" 200 1246 "http://localhost:3000/post" "Mozilla/5.0 (X11; Linux x86_64) AppleWebKit/537.36 (KHTML, like Gecko) Ubuntu Chromium/50.0.2661.102 Chrome/50.0.2661.102 Safari/537.36"
::1 - - [Thu, 26 May 2016 15:05:26 GMT] "GET /stylesheets/style.css HTTP/1.1" 304 - "http://localhost:3000/" "Mozilla/5.0 (X11; Linux x86_64) AppleWebKit/537.36 (KHTML, like Gecko) Ubuntu Chromium/50.0.2661.102 Chrome/50.0.2661.102 Safari/537.36"
::1 - - [Thu, 26 May 2016 15:05:28 GMT] "GET /u/noob/2016-5-26/Dota2 HTTP/1.1" 200 1581 "http://localhost:3000/" "Mozilla/5.0 (X11; Linux x86_64) AppleWebKit/537.36 (KHTML, like Gecko) Ubuntu Chromium/50.0.2661.102 Chrome/50.0.2661.102 Safari/537.36"
::1 - - [Thu, 26 May 2016 15:05:29 GMT] "GET /stylesheets/style.css HTTP/1.1" 304 - "http://localhost:3000/u/noob/2016-5-26/Dota2" "Mozilla/5.0 (X11; Linux x86_64) AppleWebKit/537.36 (KHTML, like Gecko) Ubuntu Chromium/50.0.2661.102 Chrome/50.0.2661.102 Safari/537.36"
::1 - - [Thu, 26 May 2016 15:05:44 GMT] "POST /u/noob/2016-5-26/Dota2 HTTP/1.1" 302 132 "http://localhost:3000/u/noob/2016-5-26/Dota2" "Mozilla/5.0 (X11; Linux x86_64) AppleWebKit/537.36 (KHTML, like Gecko) Ubuntu Chromium/50.0.2661.102 Chrome/50.0.2661.102 Safari/537.36"
::1 - - [Thu, 26 May 2016 15:05:44 GMT] "GET /u/noob/2016-5-26/Dota2 HTTP/1.1" 200 1852 "http://localhost:3000/u/noob/2016-5-26/Dota2" "Mozilla/5.0 (X11; Linux x86_64) AppleWebKit/537.36 (KHTML, like Gecko) Ubuntu Chromium/50.0.2661.102 Chrome/50.0.2661.102 Safari/537.36"
::1 - - [Thu, 26 May 2016 15:05:44 GMT] "GET /stylesheets/style.css HTTP/1.1" 304 - "http://localhost:3000/u/noob/2016-5-26/Dota2" "Mozilla/5.0 (X11; Linux x86_64) AppleWebKit/537.36 (KHTML, like Gecko) Ubuntu Chromium/50.0.2661.102 Chrome/50.0.2661.102 Safari/537.36"
::1 - - [Thu, 26 May 2016 15:05:52 GMT] "GET /logout HTTP/1.1" 302 46 "http://localhost:3000/u/noob/2016-5-26/Dota2" "Mozilla/5.0 (X11; Linux x86_64) AppleWebKit/537.36 (KHTML, like Gecko) Ubuntu Chromium/50.0.2661.102 Chrome/50.0.2661.102 Safari/537.36"
::1 - - [Thu, 26 May 2016 15:05:52 GMT] "GET / HTTP/1.1" 200 1193 "http://localhost:3000/u/noob/2016-5-26/Dota2" "Mozilla/5.0 (X11; Linux x86_64) AppleWebKit/537.36 (KHTML, like Gecko) Ubuntu Chromium/50.0.2661.102 Chrome/50.0.2661.102 Safari/537.36"
::1 - - [Thu, 26 May 2016 15:05:52 GMT] "GET /stylesheets/style.css HTTP/1.1" 304 - "http://localhost:3000/" "Mozilla/5.0 (X11; Linux x86_64) AppleWebKit/537.36 (KHTML, like Gecko) Ubuntu Chromium/50.0.2661.102 Chrome/50.0.2661.102 Safari/537.36"
::1 - - [Thu, 26 May 2016 15:05:57 GMT] "GET /login HTTP/1.1" 200 855 "http://localhost:3000/" "Mozilla/5.0 (X11; Linux x86_64) AppleWebKit/537.36 (KHTML, like Gecko) Ubuntu Chromium/50.0.2661.102 Chrome/50.0.2661.102 Safari/537.36"
::1 - - [Thu, 26 May 2016 15:05:57 GMT] "GET /stylesheets/style.css HTTP/1.1" 304 - "http://localhost:3000/login" "Mozilla/5.0 (X11; Linux x86_64) AppleWebKit/537.36 (KHTML, like Gecko) Ubuntu Chromium/50.0.2661.102 Chrome/50.0.2661.102 Safari/537.36"
::1 - - [Thu, 26 May 2016 15:06:00 GMT] "POST /login HTTP/1.1" 302 46 "http://localhost:3000/login" "Mozilla/5.0 (X11; Linux x86_64) AppleWebKit/537.36 (KHTML, like Gecko) Ubuntu Chromium/50.0.2661.102 Chrome/50.0.2661.102 Safari/537.36"
::1 - - [Thu, 26 May 2016 15:06:00 GMT] "GET / HTTP/1.1" 200 1246 "http://localhost:3000/login" "Mozilla/5.0 (X11; Linux x86_64) AppleWebKit/537.36 (KHTML, like Gecko) Ubuntu Chromium/50.0.2661.102 Chrome/50.0.2661.102 Safari/537.36"
::1 - - [Thu, 26 May 2016 15:06:00 GMT] "GET /stylesheets/style.css HTTP/1.1" 304 - "http://localhost:3000/" "Mozilla/5.0 (X11; Linux x86_64) AppleWebKit/537.36 (KHTML, like Gecko) Ubuntu Chromium/50.0.2661.102 Chrome/50.0.2661.102 Safari/537.36"
::1 - - [Thu, 26 May 2016 15:06:02 GMT] "GET /u/noob/2016-5-26/Dota2 HTTP/1.1" 200 1778 "http://localhost:3000/" "Mozilla/5.0 (X11; Linux x86_64) AppleWebKit/537.36 (KHTML, like Gecko) Ubuntu Chromium/50.0.2661.102 Chrome/50.0.2661.102 Safari/537.36"
::1 - - [Thu, 26 May 2016 15:06:02 GMT] "GET /stylesheets/style.css HTTP/1.1" 304 - "http://localhost:3000/u/noob/2016-5-26/Dota2" "Mozilla/5.0 (X11; Linux x86_64) AppleWebKit/537.36 (KHTML, like Gecko) Ubuntu Chromium/50.0.2661.102 Chrome/50.0.2661.102 Safari/537.36"
::1 - - [Thu, 26 May 2016 15:06:03 GMT] "GET /reprint/noob/2016-5-26/Dota2 HTTP/1.1" 302 140 "http://localhost:3000/u/noob/2016-5-26/Dota2" "Mozilla/5.0 (X11; Linux x86_64) AppleWebKit/537.36 (KHTML, like Gecko) Ubuntu Chromium/50.0.2661.102 Chrome/50.0.2661.102 Safari/537.36"
::1 - - [Thu, 26 May 2016 15:06:03 GMT] "GET /u/noob2/2016-5-26/%5B%E8%BD%AC%E8%BD%BD%5DDota2 HTTP/1.1" 200 1719 "http://localhost:3000/u/noob/2016-5-26/Dota2" "Mozilla/5.0 (X11; Linux x86_64) AppleWebKit/537.36 (KHTML, like Gecko) Ubuntu Chromium/50.0.2661.102 Chrome/50.0.2661.102 Safari/537.36"
::1 - - [Thu, 26 May 2016 15:06:03 GMT] "GET /stylesheets/style.css HTTP/1.1" 304 - "http://localhost:3000/u/noob2/2016-5-26/%5B%E8%BD%AC%E8%BD%BD%5DDota2" "Mozilla/5.0 (X11; Linux x86_64) AppleWebKit/537.36 (KHTML, like Gecko) Ubuntu Chromium/50.0.2661.102 Chrome/50.0.2661.102 Safari/537.36"
::1 - - [Thu, 26 May 2016 15:06:08 GMT] "GET / HTTP/1.1" 200 1800 "http://localhost:3000/u/noob2/2016-5-26/%5B%E8%BD%AC%E8%BD%BD%5DDota2" "Mozilla/5.0 (X11; Linux x86_64) AppleWebKit/537.36 (KHTML, like Gecko) Ubuntu Chromium/50.0.2661.102 Chrome/50.0.2661.102 Safari/537.36"
::1 - - [Thu, 26 May 2016 15:06:08 GMT] "GET /stylesheets/style.css HTTP/1.1" 304 - "http://localhost:3000/" "Mozilla/5.0 (X11; Linux x86_64) AppleWebKit/537.36 (KHTML, like Gecko) Ubuntu Chromium/50.0.2661.102 Chrome/50.0.2661.102 Safari/537.36"
::1 - - [Thu, 26 May 2016 15:06:09 GMT] "GET /u/noob2/2016-5-26/[%E8%BD%AC%E8%BD%BD]Dota2 HTTP/1.1" 200 1691 "http://localhost:3000/" "Mozilla/5.0 (X11; Linux x86_64) AppleWebKit/537.36 (KHTML, like Gecko) Ubuntu Chromium/50.0.2661.102 Chrome/50.0.2661.102 Safari/537.36"
::1 - - [Thu, 26 May 2016 15:06:09 GMT] "GET /stylesheets/style.css HTTP/1.1" 304 - "http://localhost:3000/u/noob2/2016-5-26/[%E8%BD%AC%E8%BD%BD]Dota2" "Mozilla/5.0 (X11; Linux x86_64) AppleWebKit/537.36 (KHTML, like Gecko) Ubuntu Chromium/50.0.2661.102 Chrome/50.0.2661.102 Safari/537.36"
::1 - - [Thu, 26 May 2016 15:06:10 GMT] "GET /remove/noob2/2016-5-26/[%E8%BD%AC%E8%BD%BD]Dota2 HTTP/1.1" 302 46 "http://localhost:3000/u/noob2/2016-5-26/[%E8%BD%AC%E8%BD%BD]Dota2" "Mozilla/5.0 (X11; Linux x86_64) AppleWebKit/537.36 (KHTML, like Gecko) Ubuntu Chromium/50.0.2661.102 Chrome/50.0.2661.102 Safari/537.36"
::1 - - [Thu, 26 May 2016 15:06:10 GMT] "GET / HTTP/1.1" 200 1247 "http://localhost:3000/u/noob2/2016-5-26/[%E8%BD%AC%E8%BD%BD]Dota2" "Mozilla/5.0 (X11; Linux x86_64) AppleWebKit/537.36 (KHTML, like Gecko) Ubuntu Chromium/50.0.2661.102 Chrome/50.0.2661.102 Safari/537.36"
::1 - - [Thu, 26 May 2016 15:06:10 GMT] "GET /stylesheets/style.css HTTP/1.1" 304 - "http://localhost:3000/" "Mozilla/5.0 (X11; Linux x86_64) AppleWebKit/537.36 (KHTML, like Gecko) Ubuntu Chromium/50.0.2661.102 Chrome/50.0.2661.102 Safari/537.36"
::1 - - [Thu, 26 May 2016 15:06:11 GMT] "GET / HTTP/1.1" 200 1221 "http://localhost:3000/" "Mozilla/5.0 (X11; Linux x86_64) AppleWebKit/537.36 (KHTML, like Gecko) Ubuntu Chromium/50.0.2661.102 Chrome/50.0.2661.102 Safari/537.36"
::1 - - [Thu, 26 May 2016 15:06:11 GMT] "GET /stylesheets/style.css HTTP/1.1" 304 - "http://localhost:3000/" "Mozilla/5.0 (X11; Linux x86_64) AppleWebKit/537.36 (KHTML, like Gecko) Ubuntu Chromium/50.0.2661.102 Chrome/50.0.2661.102 Safari/537.36"
::1 - - [Thu, 26 May 2016 15:06:12 GMT] "GET /u/noob/2016-5-26/Dota2 HTTP/1.1" 200 1776 "http://localhost:3000/" "Mozilla/5.0 (X11; Linux x86_64) AppleWebKit/537.36 (KHTML, like Gecko) Ubuntu Chromium/50.0.2661.102 Chrome/50.0.2661.102 Safari/537.36"
::1 - - [Thu, 26 May 2016 15:06:12 GMT] "GET /stylesheets/style.css HTTP/1.1" 304 - "http://localhost:3000/u/noob/2016-5-26/Dota2" "Mozilla/5.0 (X11; Linux x86_64) AppleWebKit/537.36 (KHTML, like Gecko) Ubuntu Chromium/50.0.2661.102 Chrome/50.0.2661.102 Safari/537.36"
::1 - - [Thu, 26 May 2016 15:09:28 GMT] "GET / HTTP/1.1" 200 740 "http://localhost:3000/" "Mozilla/5.0 (X11; Linux x86_64) AppleWebKit/537.36 (KHTML, like Gecko) Ubuntu Chromium/50.0.2661.102 Chrome/50.0.2661.102 Safari/537.36"
::1 - - [Thu, 26 May 2016 15:09:28 GMT] "GET /stylesheets/style.css HTTP/1.1" 304 - "http://localhost:3000/" "Mozilla/5.0 (X11; Linux x86_64) AppleWebKit/537.36 (KHTML, like Gecko) Ubuntu Chromium/50.0.2661.102 Chrome/50.0.2661.102 Safari/537.36"
::1 - - [Thu, 26 May 2016 15:09:30 GMT] "GET /post HTTP/1.1" 200 1038 "http://localhost:3000/" "Mozilla/5.0 (X11; Linux x86_64) AppleWebKit/537.36 (KHTML, like Gecko) Ubuntu Chromium/50.0.2661.102 Chrome/50.0.2661.102 Safari/537.36"
::1 - - [Thu, 26 May 2016 15:09:30 GMT] "GET /stylesheets/style.css HTTP/1.1" 304 - "http://localhost:3000/post" "Mozilla/5.0 (X11; Linux x86_64) AppleWebKit/537.36 (KHTML, like Gecko) Ubuntu Chromium/50.0.2661.102 Chrome/50.0.2661.102 Safari/537.36"
::1 - - [Thu, 26 May 2016 15:09:42 GMT] "POST /post HTTP/1.1" 302 46 "http://localhost:3000/post" "Mozilla/5.0 (X11; Linux x86_64) AppleWebKit/537.36 (KHTML, like Gecko) Ubuntu Chromium/50.0.2661.102 Chrome/50.0.2661.102 Safari/537.36"
::1 - - [Thu, 26 May 2016 15:09:42 GMT] "GET / HTTP/1.1" 200 1313 "http://localhost:3000/post" "Mozilla/5.0 (X11; Linux x86_64) AppleWebKit/537.36 (KHTML, like Gecko) Ubuntu Chromium/50.0.2661.102 Chrome/50.0.2661.102 Safari/537.36"
::1 - - [Thu, 26 May 2016 15:09:42 GMT] "GET /stylesheets/style.css HTTP/1.1" 304 - "http://localhost:3000/" "Mozilla/5.0 (X11; Linux x86_64) AppleWebKit/537.36 (KHTML, like Gecko) Ubuntu Chromium/50.0.2661.102 Chrome/50.0.2661.102 Safari/537.36"
::1 - - [Thu, 26 May 2016 15:09:49 GMT] "GET / HTTP/1.1" 200 1287 "http://localhost:3000/" "Mozilla/5.0 (X11; Linux x86_64) AppleWebKit/537.36 (KHTML, like Gecko) Ubuntu Chromium/50.0.2661.102 Chrome/50.0.2661.102 Safari/537.36"
::1 - - [Thu, 26 May 2016 15:09:49 GMT] "GET /stylesheets/style.css HTTP/1.1" 304 - "http://localhost:3000/" "Mozilla/5.0 (X11; Linux x86_64) AppleWebKit/537.36 (KHTML, like Gecko) Ubuntu Chromium/50.0.2661.102 Chrome/50.0.2661.102 Safari/537.36"
::1 - - [Thu, 26 May 2016 15:09:50 GMT] "GET /archive HTTP/1.1" 200 857 "http://localhost:3000/" "Mozilla/5.0 (X11; Linux x86_64) AppleWebKit/537.36 (KHTML, like Gecko) Ubuntu Chromium/50.0.2661.102 Chrome/50.0.2661.102 Safari/537.36"
::1 - - [Thu, 26 May 2016 15:09:50 GMT] "GET /stylesheets/style.css HTTP/1.1" 304 - "http://localhost:3000/archive" "Mozilla/5.0 (X11; Linux x86_64) AppleWebKit/537.36 (KHTML, like Gecko) Ubuntu Chromium/50.0.2661.102 Chrome/50.0.2661.102 Safari/537.36"
::1 - - [Thu, 26 May 2016 15:09:51 GMT] "GET / HTTP/1.1" 304 - "http://localhost:3000/archive" "Mozilla/5.0 (X11; Linux x86_64) AppleWebKit/537.36 (KHTML, like Gecko) Ubuntu Chromium/50.0.2661.102 Chrome/50.0.2661.102 Safari/537.36"
::1 - - [Thu, 26 May 2016 15:09:51 GMT] "GET /stylesheets/style.css HTTP/1.1" 304 - "http://localhost:3000/" "Mozilla/5.0 (X11; Linux x86_64) AppleWebKit/537.36 (KHTML, like Gecko) Ubuntu Chromium/50.0.2661.102 Chrome/50.0.2661.102 Safari/537.36"
::1 - - [Thu, 26 May 2016 15:09:53 GMT] "GET /links HTTP/1.1" 304 - "http://localhost:3000/" "Mozilla/5.0 (X11; Linux x86_64) AppleWebKit/537.36 (KHTML, like Gecko) Ubuntu Chromium/50.0.2661.102 Chrome/50.0.2661.102 Safari/537.36"
::1 - - [Thu, 26 May 2016 15:09:53 GMT] "GET /stylesheets/style.css HTTP/1.1" 304 - "http://localhost:3000/links" "Mozilla/5.0 (X11; Linux x86_64) AppleWebKit/537.36 (KHTML, like Gecko) Ubuntu Chromium/50.0.2661.102 Chrome/50.0.2661.102 Safari/537.36"
::1 - - [Thu, 26 May 2016 15:09:54 GMT] "GET /tags HTTP/1.1" 200 795 "http://localhost:3000/links" "Mozilla/5.0 (X11; Linux x86_64) AppleWebKit/537.36 (KHTML, like Gecko) Ubuntu Chromium/50.0.2661.102 Chrome/50.0.2661.102 Safari/537.36"
::1 - - [Thu, 26 May 2016 15:09:54 GMT] "GET /stylesheets/style.css HTTP/1.1" 304 - "http://localhost:3000/tags" "Mozilla/5.0 (X11; Linux x86_64) AppleWebKit/537.36 (KHTML, like Gecko) Ubuntu Chromium/50.0.2661.102 Chrome/50.0.2661.102 Safari/537.36"
::1 - - [Thu, 26 May 2016 15:09:54 GMT] "GET /archive HTTP/1.1" 304 - "http://localhost:3000/tags" "Mozilla/5.0 (X11; Linux x86_64) AppleWebKit/537.36 (KHTML, like Gecko) Ubuntu Chromium/50.0.2661.102 Chrome/50.0.2661.102 Safari/537.36"
::1 - - [Thu, 26 May 2016 15:09:54 GMT] "GET /stylesheets/style.css HTTP/1.1" 304 - "http://localhost:3000/archive" "Mozilla/5.0 (X11; Linux x86_64) AppleWebKit/537.36 (KHTML, like Gecko) Ubuntu Chromium/50.0.2661.102 Chrome/50.0.2661.102 Safari/537.36"
::1 - - [Thu, 26 May 2016 15:09:55 GMT] "GET / HTTP/1.1" 304 - "http://localhost:3000/archive" "Mozilla/5.0 (X11; Linux x86_64) AppleWebKit/537.36 (KHTML, like Gecko) Ubuntu Chromium/50.0.2661.102 Chrome/50.0.2661.102 Safari/537.36"
::1 - - [Thu, 26 May 2016 15:09:55 GMT] "GET /stylesheets/style.css HTTP/1.1" 304 - "http://localhost:3000/" "Mozilla/5.0 (X11; Linux x86_64) AppleWebKit/537.36 (KHTML, like Gecko) Ubuntu Chromium/50.0.2661.102 Chrome/50.0.2661.102 Safari/537.36"
